mode: set
github.com/bagastri07/be-test-kumparan/services/api/author/author_controller.go:15.67,19.2 1 0
github.com/bagastri07/be-test-kumparan/services/api/author/author_controller.go:21.72,29.40 5 0
github.com/bagastri07/be-test-kumparan/services/api/author/author_controller.go:33.2,33.44 1 0
github.com/bagastri07/be-test-kumparan/services/api/author/author_controller.go:37.2,37.70 1 0
github.com/bagastri07/be-test-kumparan/services/api/author/author_controller.go:41.2,45.36 2 0
github.com/bagastri07/be-test-kumparan/services/api/author/author_controller.go:29.40,31.3 1 0
github.com/bagastri07/be-test-kumparan/services/api/author/author_controller.go:33.44,35.3 1 0
github.com/bagastri07/be-test-kumparan/services/api/author/author_controller.go:37.70,39.3 1 0
github.com/bagastri07/be-test-kumparan/services/api/author/author_repository.go:16.39,18.2 1 1
github.com/bagastri07/be-test-kumparan/services/api/author/author_repository.go:26.53,28.2 1 1
github.com/bagastri07/be-test-kumparan/services/api/author/author_repository.go:30.86,37.2 2 1
github.com/bagastri07/be-test-kumparan/services/api/author/author_repository.go:39.105,44.16 4 1
github.com/bagastri07/be-test-kumparan/services/api/author/author_repository.go:48.2,49.16 2 1
github.com/bagastri07/be-test-kumparan/services/api/author/author_repository.go:53.2,53.12 1 1
github.com/bagastri07/be-test-kumparan/services/api/author/author_repository.go:44.16,46.3 1 0
github.com/bagastri07/be-test-kumparan/services/api/author/author_repository.go:49.16,51.3 1 1
github.com/bagastri07/be-test-kumparan/services/api/author/author_repository.go:56.120,67.16 4 1
github.com/bagastri07/be-test-kumparan/services/api/author/author_repository.go:71.2,73.67 2 1
github.com/bagastri07/be-test-kumparan/services/api/author/author_repository.go:80.2,80.20 1 1
github.com/bagastri07/be-test-kumparan/services/api/author/author_repository.go:67.16,69.3 1 0
github.com/bagastri07/be-test-kumparan/services/api/author/author_repository.go:73.67,74.36 1 1
github.com/bagastri07/be-test-kumparan/services/api/author/author_repository.go:77.3,77.18 1 1
github.com/bagastri07/be-test-kumparan/services/api/author/author_repository.go:74.36,76.4 1 0
github.com/bagastri07/be-test-kumparan/services/api/author/author_service.go:18.79,23.2 1 0
github.com/bagastri07/be-test-kumparan/services/api/author/author_service.go:25.104,31.15 4 1
github.com/bagastri07/be-test-kumparan/services/api/author/author_service.go:42.2,49.74 3 1
github.com/bagastri07/be-test-kumparan/services/api/author/author_service.go:53.2,53.12 1 1
github.com/bagastri07/be-test-kumparan/services/api/author/author_service.go:31.15,32.31 1 1
github.com/bagastri07/be-test-kumparan/services/api/author/author_service.go:32.31,34.12 2 0
github.com/bagastri07/be-test-kumparan/services/api/author/author_service.go:35.9,35.24 1 1
github.com/bagastri07/be-test-kumparan/services/api/author/author_service.go:35.24,37.4 1 0
github.com/bagastri07/be-test-kumparan/services/api/author/author_service.go:37.9,39.4 1 1
github.com/bagastri07/be-test-kumparan/services/api/author/author_service.go:49.74,51.3 1 1
github.com/bagastri07/be-test-kumparan/services/api/article/article_controller.go:15.70,19.2 1 1
github.com/bagastri07/be-test-kumparan/services/api/article/article_controller.go:21.74,29.40 5 1
github.com/bagastri07/be-test-kumparan/services/api/article/article_controller.go:33.2,33.44 1 1
github.com/bagastri07/be-test-kumparan/services/api/article/article_controller.go:37.2,37.72 1 1
github.com/bagastri07/be-test-kumparan/services/api/article/article_controller.go:41.2,45.36 2 1
github.com/bagastri07/be-test-kumparan/services/api/article/article_controller.go:29.40,31.3 1 0
github.com/bagastri07/be-test-kumparan/services/api/article/article_controller.go:33.44,35.3 1 1
github.com/bagastri07/be-test-kumparan/services/api/article/article_controller.go:37.72,39.3 1 1
github.com/bagastri07/be-test-kumparan/services/api/article/article_controller.go:48.82,56.39 5 1
github.com/bagastri07/be-test-kumparan/services/api/article/article_controller.go:60.2,60.43 1 1
github.com/bagastri07/be-test-kumparan/services/api/article/article_controller.go:64.2,65.16 2 1
github.com/bagastri07/be-test-kumparan/services/api/article/article_controller.go:69.2,73.36 2 1
github.com/bagastri07/be-test-kumparan/services/api/article/article_controller.go:56.39,58.3 1 0
github.com/bagastri07/be-test-kumparan/services/api/article/article_controller.go:60.43,62.3 1 0
github.com/bagastri07/be-test-kumparan/services/api/article/article_controller.go:65.16,67.3 1 1
github.com/bagastri07/be-test-kumparan/services/api/article/article_repository.go:16.40,18.2 1 1
github.com/bagastri07/be-test-kumparan/services/api/article/article_repository.go:27.54,29.2 1 1
github.com/bagastri07/be-test-kumparan/services/api/article/article_repository.go:31.88,40.2 2 1
github.com/bagastri07/be-test-kumparan/services/api/article/article_repository.go:42.108,47.16 4 1
github.com/bagastri07/be-test-kumparan/services/api/article/article_repository.go:51.2,52.16 2 1
github.com/bagastri07/be-test-kumparan/services/api/article/article_repository.go:56.2,56.12 1 1
github.com/bagastri07/be-test-kumparan/services/api/article/article_repository.go:47.16,49.3 1 0
github.com/bagastri07/be-test-kumparan/services/api/article/article_repository.go:52.16,54.3 1 1
github.com/bagastri07/be-test-kumparan/services/api/article/article_repository.go:59.68,80.2 3 1
github.com/bagastri07/be-test-kumparan/services/api/article/article_repository.go:82.114,88.37 2 0
github.com/bagastri07/be-test-kumparan/services/api/article/article_repository.go:94.2,94.39 1 0
github.com/bagastri07/be-test-kumparan/services/api/article/article_repository.go:88.37,92.3 3 0
github.com/bagastri07/be-test-kumparan/services/api/article/article_repository.go:97.128,107.24 5 1
github.com/bagastri07/be-test-kumparan/services/api/article/article_repository.go:111.2,111.25 1 1
github.com/bagastri07/be-test-kumparan/services/api/article/article_repository.go:117.2,118.16 2 1
github.com/bagastri07/be-test-kumparan/services/api/article/article_repository.go:122.2,122.67 1 1
github.com/bagastri07/be-test-kumparan/services/api/article/article_repository.go:129.2,129.19 1 1
github.com/bagastri07/be-test-kumparan/services/api/article/article_repository.go:107.24,109.3 1 0
github.com/bagastri07/be-test-kumparan/services/api/article/article_repository.go:111.25,115.3 1 0
github.com/bagastri07/be-test-kumparan/services/api/article/article_repository.go:118.16,120.3 1 0
github.com/bagastri07/be-test-kumparan/services/api/article/article_repository.go:122.67,123.36 1 1
github.com/bagastri07/be-test-kumparan/services/api/article/article_repository.go:126.3,126.16 1 1
github.com/bagastri07/be-test-kumparan/services/api/article/article_repository.go:123.36,125.4 1 0
github.com/bagastri07/be-test-kumparan/services/api/article/article_repository.go:132.138,141.21 5 1
github.com/bagastri07/be-test-kumparan/services/api/article/article_repository.go:146.2,146.24 1 1
github.com/bagastri07/be-test-kumparan/services/api/article/article_repository.go:150.2,150.25 1 1
github.com/bagastri07/be-test-kumparan/services/api/article/article_repository.go:156.2,157.16 2 1
github.com/bagastri07/be-test-kumparan/services/api/article/article_repository.go:161.2,161.73 1 1
github.com/bagastri07/be-test-kumparan/services/api/article/article_repository.go:168.2,168.22 1 1
github.com/bagastri07/be-test-kumparan/services/api/article/article_repository.go:141.21,144.3 1 0
github.com/bagastri07/be-test-kumparan/services/api/article/article_repository.go:146.24,148.3 1 0
github.com/bagastri07/be-test-kumparan/services/api/article/article_repository.go:150.25,154.3 1 0
github.com/bagastri07/be-test-kumparan/services/api/article/article_repository.go:157.16,159.3 1 0
github.com/bagastri07/be-test-kumparan/services/api/article/article_repository.go:161.73,162.36 1 1
github.com/bagastri07/be-test-kumparan/services/api/article/article_repository.go:165.3,165.18 1 1
github.com/bagastri07/be-test-kumparan/services/api/article/article_repository.go:162.36,164.4 1 0
github.com/bagastri07/be-test-kumparan/services/api/article/article_service.go:21.128,27.2 1 0
github.com/bagastri07/be-test-kumparan/services/api/article/article_service.go:29.107,34.16 4 1
github.com/bagastri07/be-test-kumparan/services/api/article/article_service.go:38.2,38.19 1 1
github.com/bagastri07/be-test-kumparan/services/api/article/article_service.go:42.2,44.15 2 1
github.com/bagastri07/be-test-kumparan/services/api/article/article_service.go:55.2,64.76 3 1
github.com/bagastri07/be-test-kumparan/services/api/article/article_service.go:68.2,68.12 1 1
github.com/bagastri07/be-test-kumparan/services/api/article/article_service.go:34.16,36.3 1 1
github.com/bagastri07/be-test-kumparan/services/api/article/article_service.go:38.19,40.3 1 1
github.com/bagastri07/be-test-kumparan/services/api/article/article_service.go:44.15,45.31 1 1
github.com/bagastri07/be-test-kumparan/services/api/article/article_service.go:45.31,47.12 2 0
github.com/bagastri07/be-test-kumparan/services/api/article/article_service.go:48.9,48.24 1 1
github.com/bagastri07/be-test-kumparan/services/api/article/article_service.go:48.24,50.4 1 0
github.com/bagastri07/be-test-kumparan/services/api/article/article_service.go:50.9,52.4 1 1
github.com/bagastri07/be-test-kumparan/services/api/article/article_service.go:64.76,66.3 1 1
github.com/bagastri07/be-test-kumparan/services/api/article/article_service.go:71.142,79.16 6 1
github.com/bagastri07/be-test-kumparan/services/api/article/article_service.go:83.2,84.16 2 1
github.com/bagastri07/be-test-kumparan/services/api/article/article_service.go:88.2,90.35 2 1
github.com/bagastri07/be-test-kumparan/services/api/article/article_service.go:104.2,107.19 3 1
github.com/bagastri07/be-test-kumparan/services/api/article/article_service.go:79.16,81.3 1 1
github.com/bagastri07/be-test-kumparan/services/api/article/article_service.go:84.16,86.3 1 1
github.com/bagastri07/be-test-kumparan/services/api/article/article_service.go:90.35,102.3 1 1
