mode: set
github.com/bagastri07/be-test-kumparan/services/api/article/article_controller.go:16.70,20.2 1 0
github.com/bagastri07/be-test-kumparan/services/api/article/article_controller.go:22.74,28.40 4 0
github.com/bagastri07/be-test-kumparan/services/api/article/article_controller.go:32.2,32.44 1 0
github.com/bagastri07/be-test-kumparan/services/api/article/article_controller.go:36.2,36.89 1 0
github.com/bagastri07/be-test-kumparan/services/api/article/article_controller.go:40.2,44.36 2 0
github.com/bagastri07/be-test-kumparan/services/api/article/article_controller.go:28.40,30.3 1 0
github.com/bagastri07/be-test-kumparan/services/api/article/article_controller.go:32.44,34.3 1 0
github.com/bagastri07/be-test-kumparan/services/api/article/article_controller.go:36.89,38.3 1 0
github.com/bagastri07/be-test-kumparan/services/api/article/article_controller.go:47.82,55.39 5 0
github.com/bagastri07/be-test-kumparan/services/api/article/article_controller.go:59.2,59.43 1 0
github.com/bagastri07/be-test-kumparan/services/api/article/article_controller.go:63.2,64.16 2 0
github.com/bagastri07/be-test-kumparan/services/api/article/article_controller.go:68.2,72.36 2 0
github.com/bagastri07/be-test-kumparan/services/api/article/article_controller.go:55.39,57.3 1 0
github.com/bagastri07/be-test-kumparan/services/api/article/article_controller.go:59.43,61.3 1 0
github.com/bagastri07/be-test-kumparan/services/api/article/article_controller.go:64.16,66.3 1 0
github.com/bagastri07/be-test-kumparan/services/api/article/article_repository.go:16.40,18.2 1 1
github.com/bagastri07/be-test-kumparan/services/api/article/article_repository.go:27.54,29.2 1 1
github.com/bagastri07/be-test-kumparan/services/api/article/article_repository.go:31.88,40.2 2 1
github.com/bagastri07/be-test-kumparan/services/api/article/article_repository.go:42.108,47.16 4 1
github.com/bagastri07/be-test-kumparan/services/api/article/article_repository.go:51.2,52.16 2 1
github.com/bagastri07/be-test-kumparan/services/api/article/article_repository.go:56.2,56.12 1 1
github.com/bagastri07/be-test-kumparan/services/api/article/article_repository.go:47.16,49.3 1 0
github.com/bagastri07/be-test-kumparan/services/api/article/article_repository.go:52.16,54.3 1 1
github.com/bagastri07/be-test-kumparan/services/api/article/article_repository.go:59.68,80.2 3 1
github.com/bagastri07/be-test-kumparan/services/api/article/article_repository.go:82.114,88.37 2 0
github.com/bagastri07/be-test-kumparan/services/api/article/article_repository.go:94.2,94.39 1 0
github.com/bagastri07/be-test-kumparan/services/api/article/article_repository.go:88.37,92.3 3 0
github.com/bagastri07/be-test-kumparan/services/api/article/article_repository.go:97.128,107.24 5 1
github.com/bagastri07/be-test-kumparan/services/api/article/article_repository.go:111.2,111.25 1 1
github.com/bagastri07/be-test-kumparan/services/api/article/article_repository.go:117.2,118.16 2 1
github.com/bagastri07/be-test-kumparan/services/api/article/article_repository.go:122.2,122.67 1 1
github.com/bagastri07/be-test-kumparan/services/api/article/article_repository.go:129.2,129.19 1 1
github.com/bagastri07/be-test-kumparan/services/api/article/article_repository.go:107.24,109.3 1 0
github.com/bagastri07/be-test-kumparan/services/api/article/article_repository.go:111.25,115.3 1 0
github.com/bagastri07/be-test-kumparan/services/api/article/article_repository.go:118.16,120.3 1 0
github.com/bagastri07/be-test-kumparan/services/api/article/article_repository.go:122.67,123.36 1 1
github.com/bagastri07/be-test-kumparan/services/api/article/article_repository.go:126.3,126.16 1 1
github.com/bagastri07/be-test-kumparan/services/api/article/article_repository.go:123.36,125.4 1 0
github.com/bagastri07/be-test-kumparan/services/api/article/article_repository.go:132.138,141.21 5 0
github.com/bagastri07/be-test-kumparan/services/api/article/article_repository.go:146.2,146.24 1 0
github.com/bagastri07/be-test-kumparan/services/api/article/article_repository.go:150.2,150.25 1 0
github.com/bagastri07/be-test-kumparan/services/api/article/article_repository.go:156.2,157.16 2 0
github.com/bagastri07/be-test-kumparan/services/api/article/article_repository.go:161.2,161.73 1 0
github.com/bagastri07/be-test-kumparan/services/api/article/article_repository.go:168.2,168.22 1 0
github.com/bagastri07/be-test-kumparan/services/api/article/article_repository.go:141.21,144.3 1 0
github.com/bagastri07/be-test-kumparan/services/api/article/article_repository.go:146.24,148.3 1 0
github.com/bagastri07/be-test-kumparan/services/api/article/article_repository.go:150.25,154.3 1 0
github.com/bagastri07/be-test-kumparan/services/api/article/article_repository.go:157.16,159.3 1 0
github.com/bagastri07/be-test-kumparan/services/api/article/article_repository.go:161.73,162.36 1 0
github.com/bagastri07/be-test-kumparan/services/api/article/article_repository.go:165.3,165.18 1 0
github.com/bagastri07/be-test-kumparan/services/api/article/article_repository.go:162.36,164.4 1 0
github.com/bagastri07/be-test-kumparan/services/api/article/article_service.go:21.128,27.2 1 0
github.com/bagastri07/be-test-kumparan/services/api/article/article_service.go:29.107,34.16 4 0
github.com/bagastri07/be-test-kumparan/services/api/article/article_service.go:38.2,38.19 1 0
github.com/bagastri07/be-test-kumparan/services/api/article/article_service.go:42.2,44.15 2 0
github.com/bagastri07/be-test-kumparan/services/api/article/article_service.go:55.2,64.76 3 0
github.com/bagastri07/be-test-kumparan/services/api/article/article_service.go:68.2,68.12 1 0
github.com/bagastri07/be-test-kumparan/services/api/article/article_service.go:34.16,36.3 1 0
github.com/bagastri07/be-test-kumparan/services/api/article/article_service.go:38.19,40.3 1 0
github.com/bagastri07/be-test-kumparan/services/api/article/article_service.go:44.15,45.31 1 0
github.com/bagastri07/be-test-kumparan/services/api/article/article_service.go:45.31,47.12 2 0
github.com/bagastri07/be-test-kumparan/services/api/article/article_service.go:48.9,48.24 1 0
github.com/bagastri07/be-test-kumparan/services/api/article/article_service.go:48.24,50.4 1 0
github.com/bagastri07/be-test-kumparan/services/api/article/article_service.go:50.9,52.4 1 0
github.com/bagastri07/be-test-kumparan/services/api/article/article_service.go:64.76,66.3 1 0
github.com/bagastri07/be-test-kumparan/services/api/article/article_service.go:71.142,79.16 6 0
github.com/bagastri07/be-test-kumparan/services/api/article/article_service.go:83.2,84.16 2 0
github.com/bagastri07/be-test-kumparan/services/api/article/article_service.go:88.2,90.35 2 0
github.com/bagastri07/be-test-kumparan/services/api/article/article_service.go:104.2,107.19 3 0
github.com/bagastri07/be-test-kumparan/services/api/article/article_service.go:79.16,81.3 1 0
github.com/bagastri07/be-test-kumparan/services/api/article/article_service.go:84.16,86.3 1 0
github.com/bagastri07/be-test-kumparan/services/api/article/article_service.go:90.35,102.3 1 0
